<?xml version="1.0" encoding="UTF-8"?>
<!-- Generated by org.testng.reporters.JUnitReportReporter -->
<testsuite hostname="NIT-A03-007D" name="Main.InitiateClass" tests="3" failures="0" timestamp="23 Dec 2015 12:32:12 GMT" time="130.281" errors="0">
  <testcase name="Smoke" time="33.143" classname="Main.InitiateClass"/>
  <testcase name="Smoke" time="55.291" classname="Main.InitiateClass"/>
  <testcase name="Smoke" time="41.847" classname="Main.InitiateClass"/>
</testsuite> <!-- Main.InitiateClass -->
